<html>
	<head>
		<style>

			body {
				font-family: sans-serif;
			}

			.TestCaseImplTitle {
				color: blue;
				font: 0.85em arial;
				font-weight: bold;
			}

			.TestCaseImpl .TestItemTitle {
				color: blue;
				border-top: 2px solid blue;
				border-bottom: 2px solid blue;
				margin-bottom: 0.5em;
			}

			.TestCaseImpl .TestItemOutcome {
				border-top: 2px solid blue;
				border-bottom: 2px solid blue;
			}

			.ApiCallImpl .TestItemTitle{
				color: blue;
				border-top: 1px solid blue;
				border-bottom: 1px solid blue;
				padding-top: 0.1em;
				padding-bottom: 0.1em;
				margin-top: 0.25em;
				margin-bottom: 0.25em;
			}

			.ApiCallImpl .TestItemOutcome {
				border-top: 1px solid blue;
				border-bottom: 1px solid blue;
				padding-top: 0.1em;
				padding-bottom: 0.1em;
				margin-top: 0.25em;
			}

			.TestItemOutcome {
				padding-left: 20px;
				padding-top: 0.1em;
				padding-bottom: 0.1em;
				clear: both;
			}
			
			.TestItemOutcome.Successful {
				color: green;
				background: url('../../successful_16x16.gif') no-repeat 0 0.15em;
			}

			.TestItemOutcome.Failed {
				color: red;
				background: url('../../failed_16x16.gif') no-repeat 0 0.15em;
				font-weight: bold;
			}

			.TestItemOutcome.Skipped {
				color: orange;
				background: url('../../skipped_16x16.gif') no-repeat 0 0.15em;
			}

			.TestOutput {
				font: 0.9em arial;
				color: black;
				margin-top: 0.15em;
				margin-bottom: 0.15em;
			}

			.TestOutput.err {
				font-weight: bold;
				color: red;
			}

			.TestOutput.war {
				font-weight: bold;
				color: orange;
			}

			.ApiCallImpl{
				margin-left: 1em;
				margin-bottom: 0.4em;
			}

			.TestCaseCallImpl{
				margin-left: 1em;
				margin-bottom: 0.4em;
			}
			
		</style>
	</head>
	<body><div id='detail-body'>
	<div style='float: right;'><img src='../..//provar_logo_400x100.png' height='50'/></div>
<h2><img src='../..//testcase_16x16.png' style='height: 24; padding-top: 4px;'/> PDF_testcase.testcase</h2>
<div class='TestCaseImpl'><div class='TestItemTitle'><div style='float: right; font-size: 0.8em;'><img src='../..//timer_16x16.gif' style='height: 16; padding-top: 2px;'/><span style='padding-bottom: 2px;'>18:03:20 (00:00.000)</span></div>Start of Test Case PDF_testcase.testcase</div><div class='ApiCallImpl'><div class='TestItemTitle'><div style='float: right; font-size: 0.8em;'><img src='../..//timer_16x16.gif' style='height: 16; padding-top: 2px;'/><span style='padding-bottom: 2px;'>18:03:20 (00:00.023)</span></div>Start of Test Step Salesforce Connect: Sales_Personal (Test)</div><div class='TestOutput inf'>Connecting to Salesforce as Sales_Personal</div><div class='TestOutput off'>Successfully connected to Salesforce as Sales_Personal</div><div class='TestItemOutcome Successful'><div style='float: right; font-size: 0.8em;'><img src='../..//timer_16x16.gif' style='height: 16; padding-top: 2px;'/><span style='padding-bottom: 2px;'>18:03:23 (00:03.164)</span></div>Test Step successful.</div></div><div class='ApiCallImpl'><div class='TestItemTitle'><div style='float: right; font-size: 0.8em;'><img src='../..//timer_16x16.gif' style='height: 16; padding-top: 2px;'/><span style='padding-bottom: 2px;'>18:03:23 (00:03.164)</span></div>Start of Test Step On SF Files tab</div><div class='TestOutput inf'>Start of With Screen.  Connection Name: Sales_Personal, target: sf:ui:target?application=standard__LightningSales&tab=Files</div><div class='TestOutput inf'>Opening Chrome webdriver instance to https://login.salesforce.com/</div><div class='TestOutput off'>Successfully opened Chrome webdriver to https://login.salesforce.com/</div><div class='TestOutput inf'>Opening Salesforce Tab.  Tab Name: Files, Url: /one/one.app#/sObject/ContentDocument/home</div><div class='TestOutput inf'>Opening Page context.  Name: screen, data: null, frame: null</div><div class='TestOutput inf'>Opening Salesforce user home page</div><div class='TestOutput sev'>Error doing app navigation in lightning.</div><div class='TestOutput sev'>[TimeoutException: Expected condition failed: waiting for com.provar.core.testapi.ElementWait$1@2997e052 (tried for 60 second(s) with 2000 MILLISECONDS interval)&lt;br/&gt;Build info: version: 'unknown', revision: 'unknown', time: 'unknown'&lt;br/&gt;System info: host: 'IBM-SAURABHKUMA', ip: '192.168.200.15', os.name: 'Windows 10', os.arch: 'amd64', os.version: '10.0', java.version: '1.8.0_221'&lt;br/&gt;Driver info: org.openqa.selenium.chrome.ChromeDriver&lt;br/&gt;Capabilities [{mobileEmulationEnabled=false, timeouts={implicit=0.0, pageLoad=300000.0, script=30000.0}, hasTouchScreen=false, platform=XP, acceptSslCerts=false, goog:chromeOptions={debuggerAddress=localhost:51376}, webauthn:extension:credBlob=true, acceptInsecureCerts=false, webStorageEnabled=true, browserName=chrome, takesScreenshot=true, javascriptEnabled=true, setWindowRect=true, webauthn:extension:largeBlob=true, unexpectedAlertBehaviour=ignore, applicationCacheEnabled=false, rotatable=false, networkConnectionEnabled=false, chrome={chromedriverVersion=97.0.4692.71 (adefa7837d02a07a604c1e6eff0b3a09422ab88d-refs/branch-heads/4692@{#1247}), userDataDir=C:\Users\saurabh.kumar\Provar\pracwork\.provarCaches\.chromeProfiles\profile0}, takesHeapSnapshot=true, pageLoadStrategy=normal, strictFileInteractability=false, databaseEnabled=false, handlesAlerts=true, version=97.0.4692.71, browserConnectionEnabled=false, proxy=Proxy(direct), nativeEvents=true, locationContextEnabled=true, cssSelectorsEnabled=true, webauthn:virtualAuthenticators=true}]&lt;br/&gt;Session ID: ce71a9ea70751fe2ab2a507767de39b6]</div><div class='TestOutput sev'>Error when attempting to open user home page</div><div class='TestOutput inf'>Going to update browser window handles.</div><div class='TestOutput off'>Successfully updated browser window handles.</div><div class='TestOutput inf'>All Sub-Test Steps were successful.</div><div class='TestOutput inf'>Closing Page context.  Name: screen, data: null, frame: null</div><div class='TestOutput inf'>Main window reselected.  Window: main</div><div class='TestOutput inf'>Switched focus to main window.  URL: https://provartesting48-dev-ed.my.salesforce.com/?ec=302&startURL=%2Fone%2Fone.app</div><div class='TestOutput inf'>Going to update browser window handles.</div><div class='TestOutput off'>Successfully updated browser window handles.</div><div class='TestItemOutcome Successful'><div style='float: right; font-size: 0.8em;'><img src='../..//timer_16x16.gif' style='height: 16; padding-top: 2px;'/><span style='padding-bottom: 2px;'>18:04:43 (01:23.579)</span></div>Test Step successful.</div></div><div class='ApiCallImpl'><div class='TestItemTitle'><div style='float: right; font-size: 0.8em;'><img src='../..//timer_16x16.gif' style='height: 16; padding-top: 2px;'/><span style='padding-bottom: 2px;'>18:04:43 (01:23.582)</span></div>Start of Test Step On MyPageObject page</div><div class='TestOutput inf'>Start of With Screen.  Connection Name: Sales_Personal, target: ui:pageobject:target?pageId=pageobjects.MyPageObject</div><div class='TestOutput inf'>Opening Page context.  Name: screen, data: null, frame: null</div><div class='TestOutput inf'>Going to update browser window handles.</div><div class='TestOutput off'>Successfully updated browser window handles.</div><div class='ApiCallImpl'><div class='TestItemTitle'><div style='float: right; font-size: 0.8em;'><img src='../..//timer_16x16.gif' style='height: 16; padding-top: 2px;'/><span style='padding-bottom: 2px;'>18:04:43 (01:23.845)</span></div>Start of Test Step Download the Pdf_data</div><div style='float: right;' ><a target='_blank' href='../../Artifacts/ScreenShot5'><img style='width: 150px; border: solid 2px grey;' src='../../Artifacts/ScreenShot5'></img></a></div><div class='TestOutput inf'>Start of Interact.  Connection: Sales_Personal, Locator: ui:pageobject:field?field=pdf_data&pageId=pageobjects.MyPageObject, before wait: default, after wait: default, auto retry: default</div><div class='TestOutput inf'>Locator: ui:pageobject:field?field=pdf_data&pageId=pageobjects.MyPageObject</div><div class='TestOutput inf'>Interaction: ui:interaction?name=download</div><div class='TestOutput inf'>Switched focus to main window.  URL: https://provartesting48-dev-ed.my.salesforce.com/?ec=302&startURL=%2Fone%2Fone.app</div><div class='TestOutput inf'>Interaction: ui:interaction?name=download</div><div class='TestOutput inf'>Doing before wait.  waitUrl: default</div><div class='TestOutput inf'>End of &lt;default&gt; wait.</div><div class='TestOutput inf'>Doing Auto Retry wait.  Timeout(seconds): 10, Interval(milliseconds): 500</div><div class='TestOutput inf'>Doing Auto Retry wait.  Timeout(seconds): 10, Interval(milliseconds): 500</div><div class='TestOutput inf'>Doing Auto Retry wait.  Timeout(seconds): 10, Interval(milliseconds): 500</div><div class='TestOutput inf'>Doing Auto Retry wait.  Timeout(seconds): 10, Interval(milliseconds): 500</div><div class='TestOutput inf'>Doing Auto Retry wait.  Timeout(seconds): 10, Interval(milliseconds): 500</div><div class='TestOutput inf'>Doing Auto Retry wait.  Timeout(seconds): 10, Interval(milliseconds): 500</div><div class='TestOutput inf'>Doing Auto Retry wait.  Timeout(seconds): 10, Interval(milliseconds): 500</div><div class='TestOutput inf'>Doing Auto Retry wait.  Timeout(seconds): 10, Interval(milliseconds): 500</div><div class='TestOutput inf'>Doing Auto Retry wait.  Timeout(seconds): 10, Interval(milliseconds): 500</div><div class='TestOutput inf'>Doing Auto Retry wait.  Timeout(seconds): 10, Interval(milliseconds): 500</div><div class='TestOutput inf'>Doing Auto Retry wait.  Timeout(seconds): 10, Interval(milliseconds): 500</div><div class='TestOutput inf'>Doing Auto Retry wait.  Timeout(seconds): 10, Interval(milliseconds): 500</div><div class='TestOutput inf'>Doing Auto Retry wait.  Timeout(seconds): 10, Interval(milliseconds): 500</div><div class='TestOutput inf'>Doing Auto Retry wait.  Timeout(seconds): 10, Interval(milliseconds): 500</div><div class='TestOutput inf'>Doing Auto Retry wait.  Timeout(seconds): 10, Interval(milliseconds): 500</div><div class='TestOutput inf'>Doing Auto Retry wait.  Timeout(seconds): 10, Interval(milliseconds): 500</div><div class='TestOutput inf'>Doing Auto Retry wait.  Timeout(seconds): 10, Interval(milliseconds): 500</div><div class='TestOutput sev'>Error doing interaction.  Connection Name: Sales_Personal, cause: [NoSuchElementException: No elements matched the field locator.  Field name: pdf_data&lt;br/&gt;For documentation on this error, please visit: http://seleniumhq.org/exceptions/no_such_element.html&lt;br/&gt;Build info: version: 'unknown', revision: 'unknown', time: 'unknown'&lt;br/&gt;System info: host: 'IBM-SAURABHKUMA', ip: '192.168.200.15', os.name: 'Windows 10', os.arch: 'amd64', os.version: '10.0', java.version: '1.8.0_221'&lt;br/&gt;Driver info: driver.version: ProvarSeleniumDriver]</div><div class='TestOutput inf'>Going to update browser window handles.</div><div class='TestOutput off'>Successfully updated browser window handles.</div><div class='TestOutput inf'>Going to update browser window handles.</div><div class='TestOutput off'>Successfully updated browser window handles.</div><div class='TestItemOutcome Failed'><div style='float: right; font-size: 0.8em;'><img src='../..//timer_16x16.gif' style='height: 16; padding-top: 2px;'/><span style='padding-bottom: 2px;'>18:04:58 (01:38.144)</span></div>Test Step failed.</div></div><div class='TestOutput sev'>One or more Sub-Test Steps failed.</div><div class='TestOutput inf'>Closing Page context.  Name: screen, data: null, frame: null</div><div class='TestOutput inf'>Main window reselected.  Window: main</div><div class='TestOutput inf'>Switched focus to main window.  URL: https://provartesting48-dev-ed.my.salesforce.com/?ec=302&startURL=%2Fone%2Fone.app</div><div class='TestOutput inf'>Going to update browser window handles.</div><div class='TestOutput off'>Successfully updated browser window handles.</div><div class='TestItemOutcome Failed'><div style='float: right; font-size: 0.8em;'><img src='../..//timer_16x16.gif' style='height: 16; padding-top: 2px;'/><span style='padding-bottom: 2px;'>18:05:00 (01:40.388)</span></div>Test Step failed.</div></div><div class='TestItemOutcome Failed'><div style='float: right; font-size: 0.8em;'><img src='../..//timer_16x16.gif' style='height: 16; padding-top: 2px;'/><span style='padding-bottom: 2px;'>18:05:00 (01:40.394)</span></div>Test Case failed.</div></div><div class='TestOutput inf'>Handling managed resource.  Name: Sales_Personal</div><div class='TestOutput off'>Salesforce Connection handled successfully.  Name: Sales_Personal</div>
	</div></body>
</html>
