<!DOCTYPE html PUBLIC "-//W3C//DTD HTML 4.01 Transitional//EN">
<html xmlns:string="xalan://java.lang.String" xmlns:lxslt="http://xml.apache.org/xslt">
<head>
<META http-equiv="Content-Type" content="text/html; charset=UTF-8">
<title>Unit Test Results.</title>
<style type="text/css">
      body {
        font:normal 68% verdana,arial,helvetica;
        color:#000000;
      }
      table tr td, table tr th {
          font-size: 68%;
      }
      table.details tr th{
        font-weight: bold;
        text-align:left;
        background:#a6caf0;
      }
      table.details tr td{
        background:#eeeee0;
      }

      p {
        line-height:1.5em;
        margin-top:0.5em; margin-bottom:1.0em;
      }
      h1 {
        margin: 0px 0px 5px; font: 165% verdana,arial,helvetica
      }
      h2 {
        margin-top: 1em; margin-bottom: 0.5em; font: bold 125% verdana,arial,helvetica
      }
      h3 {
        margin-bottom: 0.5em; font: bold 115% verdana,arial,helvetica
      }
      h4 {
        margin-bottom: 0.5em; font: bold 100% verdana,arial,helvetica
      }
      h5 {
        margin-bottom: 0.5em; font: bold 100% verdana,arial,helvetica
      }
      h6 {
        margin-bottom: 0.5em; font: bold 100% verdana,arial,helvetica
      }
      .Error {
        font-weight:bold; color:red;
      }
      .Failure {
        font-weight:bold; color:purple;
      }
      .Properties {
        text-align:right;
      }
      </style>
<script type="text/javascript" language="JavaScript">
        var TestCases = new Array();
        var cur;
        
    cur = TestCases['.TodayProject/tests'] = new Array();
    
        cur['excludeCallableTestCases'] = 'true';
    
        cur['pluginOutputLevel'] = 'WARNING';
    
        cur['projectCachePath'] = 'C:\\Users\\saurabh.kumar\\Provar\\pracwork\\TodayProject\\ANT\\..\\..\\.provarCaches';
    
        cur['projectPath'] = '..';
    
        cur['resultsPath'] = '../ANT/Results';
    
        cur['resultsPathDisposition'] = 'Increment';
    
        cur['salesforceMetadataCache'] = 'Reuse';
    
        cur['testEnvironment'] = '';
    
        cur['testOutputLevel'] = 'INFO';
    
        cur['webBrowserConfiguration'] = 'Full Screen';
    
        cur['webBrowserType'] = 'Chrome';
    </script><script type="text/javascript" language="JavaScript">
        function displayProperties (name) {
          var win = window.open('','JUnitSystemProperties','scrollbars=1,resizable=1');
          var doc = win.document;
          doc.open();
          doc.write("<html><head><title>Properties of " + name + "</title>");
          doc.write("<style>")
          doc.write("body {font:normal 68% verdana,arial,helvetica; color:#000000; }");
          doc.write("table tr td, table tr th { font-size: 68%; }");
          doc.write("table.properties { border-collapse:collapse; border-left:solid 1 #cccccc; border-top:solid 1 #cccccc; padding:5px; }");
          doc.write("table.properties th { text-align:left; border-right:solid 1 #cccccc; border-bottom:solid 1 #cccccc; background-color:#eeeeee; }");
          doc.write("table.properties td { font:normal; text-align:left; border-right:solid 1 #cccccc; border-bottom:solid 1 #cccccc; background-color:#fffffff; }");
          doc.write("h3 { margin-bottom: 0.5em; font: bold 115% verdana,arial,helvetica }");
          doc.write("</style>");
          doc.write("</head><body>");
          doc.write("<h3>Properties of " + name + "</h3>");
          doc.write("<div align=\"right\"><a href=\"javascript:window.close();\">Close</a></div>");
          doc.write("<table class='properties'>");
          doc.write("<tr><th>Name</th><th>Value</th></tr>");
          for (prop in TestCases[name]) {
            doc.write("<tr><th>" + prop + "</th><td>" + TestCases[name][prop] + "</td></tr>");
          }
          doc.write("</table>");
          doc.write("</body></html>");
          doc.close();
          win.focus();
        }
      
      </script>
</head>
<body>
<a name="top"></a>
<h1>Unit Test Results.</h1>
<table width="100%">
<tr>
<td align="left"></td><td align="right">Designed for use with <a href="https://www.junit.org">JUnit</a> and <a href="https://ant.apache.org/ant">Ant</a>.</td>
</tr>
</table>
<hr size="1">
<h2>Summary</h2>
<table class="details" border="0" cellpadding="5" cellspacing="2" width="95%">
<tr valign="top">
<th>Tests</th><th>Failures</th><th>Errors</th><th>Skipped</th><th>Success rate</th><th>Time</th>
</tr>
<tr valign="top" class="Failure">
<td>20</td><td>13</td><td>0</td><td>0</td><td>35.00%</td><td>952.144</td>
</tr>
</table>
<table border="0" width="95%">
<tr>
<td style="text-align: justify;">
        Note: <i>failures</i> are anticipated and checked for with assertions while <i>errors</i> are unanticipated.
        </td>
</tr>
</table>
<hr size="1" width="95%" align="left">
<h2>Packages</h2>
        Note: package statistics are not computed recursively, they only sum up all of its testsuites numbers.
        <table class="details" border="0" cellpadding="5" cellspacing="2" width="95%">
<tr valign="top">
<th width="80%">Name</th><th>Tests</th><th>Errors</th><th>Failures</th><th>Skipped</th><th nowrap>Time(s)</th><th nowrap>Time Stamp</th><th>Host</th>
</tr>
<tr valign="top" class="Failure">
<td><a href="#"></a></td><td>20</td><td>0</td><td>13</td><td>0</td><td>952.144</td><td>Fri Jan 21 17:56:44 IST 2022</td><td>ibm-saurabhkumar</td>
</tr>
</table>
<hr size="1" width="95%" align="left">
<a name=""></a>
<h3>Package </h3>
<table class="details" border="0" cellpadding="5" cellspacing="2" width="95%">
<tr valign="top">
<th width="80%">Name</th><th>Tests</th><th>Errors</th><th>Failures</th><th>Skipped</th><th nowrap>Time(s)</th><th nowrap>Time Stamp</th><th>Host</th>
</tr>
<tr valign="top" class="Failure">
<td><a href="#TodayProject/tests">TodayProject/tests</a></td><td>20</td><td></td><td>13</td><td>0</td><td>952.144</td><td>Fri Jan 21 17:56:44 IST 2022</td><td>ibm-saurabhkumar</td>
</tr>
</table>
<a href="#top">Back to top</a>
<p></p>
<p></p>
<hr size="1" width="95%" align="left">
<a name="TodayProject/tests"></a>
<h3>TestCase TodayProject/tests</h3>
<table class="details" border="0" cellpadding="5" cellspacing="2" width="95%">
<tr valign="top">
<th>Name</th><th>Status</th><th width="80%">Type</th><th nowrap>Time(s)</th>
</tr>
<tr valign="top" class="">
<td>Amazontest.testcase</td><td>Success</td><td></td><td>10.433</td>
</tr>
<tr valign="top" class="Error">
<td>Case_Handle.testcase</td><td>Failure</td><td>Execution failed<code>
<br>
<br>No rows found in table</code></td><td>180.072</td>
</tr>
<tr valign="top" class="Error">
<td>Create Lead.testcase</td><td>Failure</td><td>Execution failed<code>
<br>
<br>Error doing interaction.  Connection Name: SF_Training, cause: [NoSuchElementException: No elements matched the field locator.  Field name: new_<br>For documentation on this error, please visit: http://seleniumhq.org/exceptions/no_such_element.html<br>Build info: version: 'unknown', revision: 'unknown', time: 'unknown'<br>System info: host: 'IBM-SAURABHKUMA', ip: '192.168.200.15', os.name: 'Windows 10', os.arch: 'amd64', os.version: '10.0', java.version: '1.8.0_221'<br>Driver info: driver.version: ProvarSeleniumDriver]</code></td><td>122.634</td>
</tr>
<tr valign="top" class="">
<td>Loop_handling.testcase</td><td>Success</td><td></td><td>0.036</td>
</tr>
<tr valign="top" class="Error">
<td>Mynewtest.testcase</td><td>Failure</td><td>Execution failed<code>
<br>
<br>No rows found in table</code></td><td>70.453</td>
</tr>
<tr valign="top" class="Error">
<td>PDF_testcase.testcase</td><td>Failure</td><td>Execution failed<code>
<br>
<br>Error doing app navigation in lightning.</code></td><td>100.394</td>
</tr>
<tr valign="top" class="Error">
<td>SampleTest.testcase</td><td>Failure</td><td>Execution failed<code>
<br>
<br>The row locator did not match any rows.</code></td><td>51.143</td>
</tr>
<tr valign="top" class="Error">
<td>Test Case 1.testcase</td><td>Failure</td><td>Execution failed<code>
<br>
<br>value not matched.  (result) Saurabh = Saurabh1 (target)</code></td><td>0.565</td>
</tr>
<tr valign="top" class="">
<td>Test Case 17.testcase</td><td>Success</td><td></td><td>0.016</td>
</tr>
<tr valign="top" class="Error">
<td>Test Case 2.testcase</td><td>Failure</td><td>Execution failed<code>
<br>
<br>Error in refreshing access token.  Cause: One of these parameters is not provided - AccessToken, RefreshToken, ConsumerKey, ConsumerSecret</code></td><td>1.163</td>
</tr>
<tr valign="top" class="Error">
<td>create lead again.testcase</td><td>Failure</td><td>Execution failed<code>
<br>
<br>Error doing interaction.  Connection Name: SF_Training, cause: [NoSuchElementException: No elements matched the field locator.  Field name: new_<br>For documentation on this error, please visit: http://seleniumhq.org/exceptions/no_such_element.html<br>Build info: version: 'unknown', revision: 'unknown', time: 'unknown'<br>System info: host: 'IBM-SAURABHKUMA', ip: '192.168.200.15', os.name: 'Windows 10', os.arch: 'amd64', os.version: '10.0', java.version: '1.8.0_221'<br>Driver info: driver.version: ProvarSeleniumDriver]</code></td><td>44.487</td>
</tr>
<tr valign="top" class="Error">
<td>firstusercase.testcase</td><td>Failure</td><td>Execution failed<code>
<br>
<br>Error doing interaction.  Connection Name: Sales_Personal_User, cause: [NoSuchElementException: No elements matched the field locator.  Field name: noItems<br>For documentation on this error, please visit: http://seleniumhq.org/exceptions/no_such_element.html<br>Build info: version: 'unknown', revision: 'unknown', time: 'unknown'<br>System info: host: 'IBM-SAURABHKUMA', ip: '192.168.200.15', os.name: 'Windows 10', os.arch: 'amd64', os.version: '10.0', java.version: '1.8.0_221'<br>Driver info: driver.version: ProvarSeleniumDriver]</code></td><td>102.245</td>
</tr>
<tr valign="top" class="">
<td>new test case.testcase</td><td>Success</td><td></td><td>6.332</td>
</tr>
<tr valign="top" class="">
<td>personalsales.testcase</td><td>Success</td><td></td><td>3.180</td>
</tr>
<tr valign="top" class="">
<td>substringfunc.testcase</td><td>Success</td><td></td><td>0.031</td>
</tr>
<tr valign="top" class="Error">
<td>test personal org admin.testcase</td><td>Failure</td><td>Execution failed<code>
<br>
<br>No rows found in table</code></td><td>95.686</td>
</tr>
<tr valign="top" class="">
<td>tooltipcase.testcase</td><td>Success</td><td></td><td>1.737</td>
</tr>
<tr valign="top" class="Error">
<td>try again.testcase</td><td>Failure</td><td>Execution failed<code>
<br>
<br>Error doing interaction.  Connection Name: SF_Training, cause: [NoSuchElementException: No elements matched the field locator.  Field name: firstName3<br>For documentation on this error, please visit: http://seleniumhq.org/exceptions/no_such_element.html<br>Build info: version: 'unknown', revision: 'unknown', time: 'unknown'<br>System info: host: 'IBM-SAURABHKUMA', ip: '192.168.200.15', os.name: 'Windows 10', os.arch: 'amd64', os.version: '10.0', java.version: '1.8.0_221'<br>Driver info: driver.version: ProvarSeleniumDriver]</code></td><td>50.439</td>
</tr>
<tr valign="top" class="Error">
<td>try.testcase</td><td>Failure</td><td>Execution failed<code>
<br>
<br>Error doing interaction.  Connection Name: SF_Training, cause: [NoSuchElementException: No elements matched the field locator.  Field name: firstName2<br>For documentation on this error, please visit: http://seleniumhq.org/exceptions/no_such_element.html<br>Build info: version: 'unknown', revision: 'unknown', time: 'unknown'<br>System info: host: 'IBM-SAURABHKUMA', ip: '192.168.200.15', os.name: 'Windows 10', os.arch: 'amd64', os.version: '10.0', java.version: '1.8.0_221'<br>Driver info: driver.version: ProvarSeleniumDriver]</code></td><td>48.929</td>
</tr>
<tr valign="top" class="Error">
<td>Create_API.testcase</td><td>Failure</td><td>Execution failed<code>
<br>
<br>Failed to delete Object.  Error Messages: bad id OpportunityRows</code></td><td>15.585</td>
</tr>
</table>
<div class="Properties">
<a href="javascript:displayProperties('.TodayProject/tests');">
                    Properties &raquo;
                </a>
</div>
<p></p>
<a href="#top">Back to top</a>
</body>
</html>
