<?xml version="1.0" encoding="UTF-8" ?>
<testsuites>
  <testsuite failures="13" hostname="ibm-saurabhkumar" id="0" name="TodayProject/tests" package="" skipped="0" tests="20" time="952.144" timestamp="Fri Jan 21 17:56:44 IST 2022">
	    <properties>
		      <property name="excludeCallableTestCases" value="true" />

		      <property name="testEnvironment" value="" />

		      <property name="pluginOutputLevel" value="WARNING" />

		      <property name="projectPath" value=".." />

		      <property name="salesforceMetadataCache" value="Reuse" />

		      <property name="resultsPathDisposition" value="Increment" />

		      <property name="testOutputLevel" value="INFO" />

		      <property name="webBrowserType" value="Chrome" />

		      <property name="resultsPath" value="../ANT/Results" />

		      <property name="webBrowserConfiguration" value="Full Screen" />

		      <property name="projectCachePath" value="C:\Users\saurabh.kumar\Provar\pracwork\TodayProject\ANT\..\..\.provarCaches" />

	    </properties>

	    <testcase classname="tests/Amazontest.testcase" name="Amazontest.testcase" time="10.433">
	</testcase>

	    <testcase classname="tests/Case_Handle.testcase" name="Case_Handle.testcase" time="180.072">
		      <failure message="Execution failed"><![CDATA[No rows found in table]]></failure>

	    </testcase>

	    <testcase classname="tests/Create Lead.testcase" name="Create Lead.testcase" time="122.634">
		      <failure message="Execution failed"><![CDATA[Error doing interaction.  Connection Name: SF_Training, cause: [NoSuchElementException: No elements matched the field locator.  Field name: new_
For documentation on this error, please visit: http://seleniumhq.org/exceptions/no_such_element.html
Build info: version: 'unknown', revision: 'unknown', time: 'unknown'
System info: host: 'IBM-SAURABHKUMA', ip: '192.168.200.15', os.name: 'Windows 10', os.arch: 'amd64', os.version: '10.0', java.version: '1.8.0_221'
Driver info: driver.version: ProvarSeleniumDriver]]]></failure>

	    </testcase>

	    <testcase classname="tests/Loop_handling.testcase" name="Loop_handling.testcase" time="0.036">
	</testcase>

	    <testcase classname="tests/Mynewtest.testcase" name="Mynewtest.testcase" time="70.453">
		      <failure message="Execution failed"><![CDATA[No rows found in table]]></failure>

	    </testcase>

	    <testcase classname="tests/PDF_testcase.testcase" name="PDF_testcase.testcase" time="100.394">
		      <failure message="Execution failed"><![CDATA[Error doing app navigation in lightning.]]></failure>

	    </testcase>

	    <testcase classname="tests/SampleTest.testcase" name="SampleTest.testcase" time="51.143">
		      <failure message="Execution failed"><![CDATA[The row locator did not match any rows.]]></failure>

	    </testcase>

	    <testcase classname="tests/Test Case 1.testcase" name="Test Case 1.testcase" time="0.565">
		      <failure message="Execution failed"><![CDATA[value not matched.  (result) Saurabh = Saurabh1 (target)]]></failure>

	    </testcase>

	    <testcase classname="tests/Test Case 17.testcase" name="Test Case 17.testcase" time="0.016">
	</testcase>

	    <testcase classname="tests/Test Case 2.testcase" name="Test Case 2.testcase" time="1.163">
		      <failure message="Execution failed"><![CDATA[Error in refreshing access token.  Cause: One of these parameters is not provided - AccessToken, RefreshToken, ConsumerKey, ConsumerSecret]]></failure>

	    </testcase>

	    <testcase classname="tests/create lead again.testcase" name="create lead again.testcase" time="44.487">
		      <failure message="Execution failed"><![CDATA[Error doing interaction.  Connection Name: SF_Training, cause: [NoSuchElementException: No elements matched the field locator.  Field name: new_
For documentation on this error, please visit: http://seleniumhq.org/exceptions/no_such_element.html
Build info: version: 'unknown', revision: 'unknown', time: 'unknown'
System info: host: 'IBM-SAURABHKUMA', ip: '192.168.200.15', os.name: 'Windows 10', os.arch: 'amd64', os.version: '10.0', java.version: '1.8.0_221'
Driver info: driver.version: ProvarSeleniumDriver]]]></failure>

	    </testcase>

	    <testcase classname="tests/firstusercase.testcase" name="firstusercase.testcase" time="102.245">
		      <failure message="Execution failed"><![CDATA[Error doing interaction.  Connection Name: Sales_Personal_User, cause: [NoSuchElementException: No elements matched the field locator.  Field name: noItems
For documentation on this error, please visit: http://seleniumhq.org/exceptions/no_such_element.html
Build info: version: 'unknown', revision: 'unknown', time: 'unknown'
System info: host: 'IBM-SAURABHKUMA', ip: '192.168.200.15', os.name: 'Windows 10', os.arch: 'amd64', os.version: '10.0', java.version: '1.8.0_221'
Driver info: driver.version: ProvarSeleniumDriver]]]></failure>

	    </testcase>

	    <testcase classname="tests/new test case.testcase" name="new test case.testcase" time="6.332">
	</testcase>

	    <testcase classname="tests/personalsales.testcase" name="personalsales.testcase" time="3.18">
	</testcase>

	    <testcase classname="tests/substringfunc.testcase" name="substringfunc.testcase" time="0.031">
	</testcase>

	    <testcase classname="tests/test personal org admin.testcase" name="test personal org admin.testcase" time="95.686">
		      <failure message="Execution failed"><![CDATA[No rows found in table]]></failure>

	    </testcase>

	    <testcase classname="tests/tooltipcase.testcase" name="tooltipcase.testcase" time="1.737">
	</testcase>

	    <testcase classname="tests/try again.testcase" name="try again.testcase" time="50.439">
		      <failure message="Execution failed"><![CDATA[Error doing interaction.  Connection Name: SF_Training, cause: [NoSuchElementException: No elements matched the field locator.  Field name: firstName3
For documentation on this error, please visit: http://seleniumhq.org/exceptions/no_such_element.html
Build info: version: 'unknown', revision: 'unknown', time: 'unknown'
System info: host: 'IBM-SAURABHKUMA', ip: '192.168.200.15', os.name: 'Windows 10', os.arch: 'amd64', os.version: '10.0', java.version: '1.8.0_221'
Driver info: driver.version: ProvarSeleniumDriver]]]></failure>

	    </testcase>

	    <testcase classname="tests/try.testcase" name="try.testcase" time="48.929">
		      <failure message="Execution failed"><![CDATA[Error doing interaction.  Connection Name: SF_Training, cause: [NoSuchElementException: No elements matched the field locator.  Field name: firstName2
For documentation on this error, please visit: http://seleniumhq.org/exceptions/no_such_element.html
Build info: version: 'unknown', revision: 'unknown', time: 'unknown'
System info: host: 'IBM-SAURABHKUMA', ip: '192.168.200.15', os.name: 'Windows 10', os.arch: 'amd64', os.version: '10.0', java.version: '1.8.0_221'
Driver info: driver.version: ProvarSeleniumDriver]]]></failure>

	    </testcase>

	    <testcase classname="tests/API\Create_API.testcase" name="Create_API.testcase" time="15.585">
		      <failure message="Execution failed"><![CDATA[Failed to delete Object.  Error Messages: bad id OpportunityRows]]></failure>

	    </testcase>

  </testsuite>
</testsuites>
